<?xml version="1.0" encoding="UTF-8"?>
<testsuite name="TestSuite" time="10.048" tests="1" errors="0" skipped="0" failures="1">
  <properties>
[...]
</properties>
  <testcase name="testVerifyTitle" classname="com.learnautomation.selenium.DemoforMaven" time="10.048">
    <failure message="Google expected [true] but found [false]" type="java.lang.AssertionError">java.lang.AssertionError: Google expected [true] but found [false]
	at org.testng.Assert.fail(Assert.java:94)
	at org.testng.Assert.failNotEquals(Assert.java:494)
	at org.testng.Assert.assertTrue(Assert.java:42)
	at com.learnautomation.selenium.DemoforMaven.testVerifyTitle(DemoforMaven.java:18)
</failure>
    <system-err><![CDATA[1491072248570	geckodriver	INFO	Listening on 127.0.0.1:30629
Apr 02, 2017 12:14:09 AM org.openqa.selenium.remote.ProtocolHandshake createSession
INFO: Attempting bi-dialect session, assuming Postel's Law holds true on the remote end
1491072249281	mozprofile::profile	INFO	Using profile path C:\Users\USER\AppData\Local\Temp\rust_mozprofile.S5h0dH0mHqys
1491072249287	geckodriver::marionette	INFO	Starting browser C:\Program Files\Mozilla Firefox\firefox.exe
1491072249332	geckodriver::marionette	INFO	Connecting to Marionette on localhost:50775
1491072250959	Marionette	INFO	Listening on port 50775
Apr 02, 2017 12:14:14 AM org.openqa.selenium.remote.ProtocolHandshake createSession
INFO: Detected dialect: W3C
]]></system-err>
  </testcase>
</testsuite>