<?xml version="1.0" encoding="UTF-8"?>
<testng-results skipped="0" failed="0" total="1" passed="1">
  <reporter-output>
  </reporter-output>
  <suite name="Suite" duration-ms="17509" started-at="2017-04-01T19:25:36Z" finished-at="2017-04-01T19:25:53Z">
    <groups>
    </groups>
    <test name="Test" duration-ms="17509" started-at="2017-04-01T19:25:36Z" finished-at="2017-04-01T19:25:53Z">
      <class name="com.learnautomation.selenium.DemoforMaven">
        <test-method status="PASS" signature="testVerifyTitle()[pri:0, instance:com.learnautomation.selenium.DemoforMaven@3c5a99da]" name="testVerifyTitle" duration-ms="17490" started-at="2017-04-02T00:55:36Z" finished-at="2017-04-02T00:55:53Z">
          <reporter-output>
          </reporter-output>
        </test-method> <!-- testVerifyTitle -->
      </class> <!-- com.learnautomation.selenium.DemoforMaven -->
    </test> <!-- Test -->
  </suite> <!-- Suite -->
</testng-results>
